{"C:/Users/anacl/Documents/WENI/Front/vue3/vtex-webapp/src/components/ArrowDrop.tsx": {"path":"C:/Users/anacl/Documents/WENI/Front/vue3/vtex-webapp/src/components/ArrowDrop.tsx","statementMap":{"0":{"start":{"line":2,"column":2},"end":{"line":21,"column":null}}},"fnMap":{"0":{"name":"ArrowDrop","decl":{"start":{"line":1,"column":16},"end":{"line":1,"column":26}},"loc":{"start":{"line":1,"column":107},"end":{"line":23,"column":null}}}},"branchMap":{"0":{"loc":{"start":{"line":10,"column":29},"end":{"line":10,"column":45}},"type":"cond-expr","locations":[{"start":{"line":10,"column":38},"end":{"line":10,"column":44}},{"start":{"line":10,"column":44},"end":{"line":10,"column":45}}]}},"s":{"0":4},"f":{"0":4},"b":{"0":[1,3]}}
}
