{"C:/Users/anacl/Documents/WENI/Front/vue3/vtex-webapp/src/components/AboutAgent.tsx": {"path":"C:/Users/anacl/Documents/WENI/Front/vue3/vtex-webapp/src/components/AboutAgent.tsx","statementMap":{"0":{"start":{"line":9,"column":64},"end":{"line":14,"column":null}},"1":{"start":{"line":24,"column":4},"end":{"line":55,"column":null}}},"fnMap":{"0":{"name":"AboutAgent","decl":{"start":{"line":23,"column":16},"end":{"line":23,"column":27}},"loc":{"start":{"line":23,"column":83},"end":{"line":57,"column":null}}}},"branchMap":{},"s":{"0":1,"1":4},"f":{"0":4},"b":{}}
,"C:/Users/anacl/Documents/WENI/Front/vue3/vtex-webapp/src/components/DisableAgent.tsx": {"path":"C:/Users/anacl/Documents/WENI/Front/vue3/vtex-webapp/src/components/DisableAgent.tsx","statementMap":{"0":{"start":{"line":13,"column":24},"end":{"line":13,"column":null}},"1":{"start":{"line":14,"column":24},"end":{"line":14,"column":null}},"2":{"start":{"line":18,"column":8},"end":{"line":18,"column":null}},"3":{"start":{"line":19,"column":32},"end":{"line":19,"column":null}},"4":{"start":{"line":21,"column":8},"end":{"line":24,"column":null}},"5":{"start":{"line":22,"column":12},"end":{"line":22,"column":null}},"6":{"start":{"line":23,"column":12},"end":{"line":23,"column":null}},"7":{"start":{"line":26,"column":8},"end":{"line":26,"column":null}},"8":{"start":{"line":27,"column":8},"end":{"line":27,"column":null}},"9":{"start":{"line":30,"column":4},"end":{"line":60,"column":null}}},"fnMap":{"0":{"name":"DisableAgent","decl":{"start":{"line":12,"column":16},"end":{"line":12,"column":29}},"loc":{"start":{"line":12,"column":97},"end":{"line":62,"column":null}}},"1":{"name":"disable","decl":{"start":{"line":17,"column":19},"end":{"line":17,"column":29}},"loc":{"start":{"line":17,"column":29},"end":{"line":28,"column":null}}}},"branchMap":{"0":{"loc":{"start":{"line":21,"column":8},"end":{"line":24,"column":null}},"type":"if","locations":[{"start":{"line":21,"column":8},"end":{"line":24,"column":null}},{"start":{},"end":{}}]},"1":{"loc":{"start":{"line":53,"column":28},"end":{"line":55,"column":null}},"type":"cond-expr","locations":[{"start":{"line":54,"column":28},"end":{"line":54,"column":null}},{"start":{"line":55,"column":28},"end":{"line":55,"column":null}}]}},"s":{"0":4,"1":4,"2":0,"3":0,"4":0,"5":0,"6":0,"7":0,"8":0,"9":4},"f":{"0":4,"1":0},"b":{"0":[0,0],"1":[0,4]}}
,"C:/Users/anacl/Documents/WENI/Front/vue3/vtex-webapp/src/components/FeatureBox.tsx": {"path":"C:/Users/anacl/Documents/WENI/Front/vue3/vtex-webapp/src/components/FeatureBox.tsx","statementMap":{"0":{"start":{"line":16,"column":22},"end":{"line":16,"column":null}},"1":{"start":{"line":17,"column":36},"end":{"line":17,"column":null}},"2":{"start":{"line":18,"column":52},"end":{"line":18,"column":null}},"3":{"start":{"line":19,"column":40},"end":{"line":19,"column":null}},"4":{"start":{"line":20,"column":19},"end":{"line":20,"column":null}},"5":{"start":{"line":21,"column":33},"end":{"line":21,"column":null}},"6":{"start":{"line":21,"column":61},"end":{"line":21,"column":94}},"7":{"start":{"line":22,"column":22},"end":{"line":22,"column":null}},"8":{"start":{"line":22,"column":64},"end":{"line":22,"column":82}},"9":{"start":{"line":23,"column":27},"end":{"line":25,"column":null}},"10":{"start":{"line":24,"column":4},"end":{"line":24,"column":null}},"11":{"start":{"line":24,"column":24},"end":{"line":24,"column":26}},"12":{"start":{"line":26,"column":27},"end":{"line":28,"column":null}},"13":{"start":{"line":27,"column":4},"end":{"line":27,"column":null}},"14":{"start":{"line":27,"column":26},"end":{"line":27,"column":28}},"15":{"start":{"line":30,"column":34},"end":{"line":32,"column":null}},"16":{"start":{"line":31,"column":4},"end":{"line":31,"column":null}},"17":{"start":{"line":31,"column":32},"end":{"line":31,"column":34}},"18":{"start":{"line":34,"column":34},"end":{"line":41,"column":null}},"19":{"start":{"line":35,"column":19},"end":{"line":35,"column":null}},"20":{"start":{"line":36,"column":4},"end":{"line":40,"column":null}},"21":{"start":{"line":37,"column":6},"end":{"line":37,"column":null}},"22":{"start":{"line":39,"column":6},"end":{"line":39,"column":null}},"23":{"start":{"line":42,"column":2},"end":{"line":167,"column":null}},"24":{"start":{"line":102,"column":10},"end":{"line":117,"column":null}},"25":{"start":{"line":103,"column":12},"end":{"line":115,"column":null}},"26":{"start":{"line":119,"column":10},"end":{"line":126,"column":null}},"27":{"start":{"line":120,"column":12},"end":{"line":124,"column":null}},"28":{"start":{"line":128,"column":10},"end":{"line":140,"column":null}}},"fnMap":{"0":{"name":"FeatureBox","decl":{"start":{"line":15,"column":16},"end":{"line":15,"column":27}},"loc":{"start":{"line":15,"column":174},"end":{"line":169,"column":null}}},"1":{"name":"(anonymous_1)","decl":{"start":{"line":21,"column":45},"end":{"line":21,"column":46}},"loc":{"start":{"line":21,"column":61},"end":{"line":21,"column":94}}},"2":{"name":"(anonymous_2)","decl":{"start":{"line":22,"column":36},"end":{"line":22,"column":37}},"loc":{"start":{"line":22,"column":64},"end":{"line":22,"column":82}}},"3":{"name":"(anonymous_3)","decl":{"start":{"line":23,"column":27},"end":{"line":23,"column":33}},"loc":{"start":{"line":23,"column":33},"end":{"line":25,"column":null}}},"4":{"name":"(anonymous_4)","decl":{"start":{"line":24,"column":17},"end":{"line":24,"column":18}},"loc":{"start":{"line":24,"column":24},"end":{"line":24,"column":26}}},"5":{"name":"(anonymous_5)","decl":{"start":{"line":26,"column":27},"end":{"line":26,"column":33}},"loc":{"start":{"line":26,"column":33},"end":{"line":28,"column":null}}},"6":{"name":"(anonymous_6)","decl":{"start":{"line":27,"column":19},"end":{"line":27,"column":20}},"loc":{"start":{"line":27,"column":26},"end":{"line":27,"column":28}}},"7":{"name":"(anonymous_7)","decl":{"start":{"line":30,"column":34},"end":{"line":30,"column":40}},"loc":{"start":{"line":30,"column":40},"end":{"line":32,"column":null}}},"8":{"name":"(anonymous_8)","decl":{"start":{"line":31,"column":25},"end":{"line":31,"column":26}},"loc":{"start":{"line":31,"column":32},"end":{"line":31,"column":34}}},"9":{"name":"(anonymous_9)","decl":{"start":{"line":34,"column":34},"end":{"line":34,"column":46}},"loc":{"start":{"line":34,"column":46},"end":{"line":41,"column":null}}},"10":{"name":"(anonymous_10)","decl":{"start":{"line":101,"column":10},"end":{"line":101,"column":16}},"loc":{"start":{"line":101,"column":16},"end":{"line":142,"column":11}}}},"branchMap":{"0":{"loc":{"start":{"line":22,"column":22},"end":{"line":22,"column":null}},"type":"binary-expr","locations":[{"start":{"line":22,"column":22},"end":{"line":22,"column":93}},{"start":{"line":22,"column":93},"end":{"line":22,"column":null}}]},"1":{"loc":{"start":{"line":36,"column":4},"end":{"line":40,"column":null}},"type":"if","locations":[{"start":{"line":36,"column":4},"end":{"line":40,"column":null}},{"start":{"line":38,"column":11},"end":{"line":40,"column":null}}]},"2":{"loc":{"start":{"line":102,"column":10},"end":{"line":117,"column":null}},"type":"if","locations":[{"start":{"line":102,"column":10},"end":{"line":117,"column":null}},{"start":{},"end":{}}]},"3":{"loc":{"start":{"line":119,"column":10},"end":{"line":126,"column":null}},"type":"if","locations":[{"start":{"line":119,"column":10},"end":{"line":126,"column":null}},{"start":{},"end":{}}]},"4":{"loc":{"start":{"line":131,"column":16},"end":{"line":137,"column":null}},"type":"cond-expr","locations":[{"start":{"line":132,"column":18},"end":{"line":132,"column":null}},{"start":{"line":134,"column":18},"end":{"line":137,"column":null}}]}},"s":{"0":4,"1":4,"2":4,"3":4,"4":4,"5":4,"6":0,"7":4,"8":4,"9":4,"10":0,"11":0,"12":4,"13":0,"14":0,"15":4,"16":0,"17":0,"18":4,"19":2,"20":2,"21":1,"22":1,"23":4,"24":4,"25":1,"26":3,"27":0,"28":3},"f":{"0":4,"1":0,"2":4,"3":0,"4":0,"5":0,"6":0,"7":0,"8":0,"9":2,"10":4},"b":{"0":[4,0],"1":[1,1],"2":[1,3],"3":[0,3],"4":[0,3]}}
,"C:/Users/anacl/Documents/WENI/Front/vue3/vtex-webapp/src/components/TagType.tsx": {"path":"C:/Users/anacl/Documents/WENI/Front/vue3/vtex-webapp/src/components/TagType.tsx","statementMap":{"0":{"start":{"line":8,"column":18},"end":{"line":11,"column":null}},"1":{"start":{"line":13,"column":4},"end":{"line":19,"column":null}}},"fnMap":{"0":{"name":"TagType","decl":{"start":{"line":7,"column":16},"end":{"line":7,"column":24}},"loc":{"start":{"line":7,"column":48},"end":{"line":21,"column":null}}}},"branchMap":{},"s":{"0":8,"1":8},"f":{"0":8},"b":{}}
,"C:/Users/anacl/Documents/WENI/Front/vue3/vtex-webapp/src/components/settings/AbandonedCartActive.tsx": {"path":"C:/Users/anacl/Documents/WENI/Front/vue3/vtex-webapp/src/components/settings/AbandonedCartActive.tsx","statementMap":{"0":{"start":{"line":7,"column":18},"end":{"line":7,"column":null}},"1":{"start":{"line":9,"column":40},"end":{"line":9,"column":null}},"2":{"start":{"line":10,"column":30},"end":{"line":12,"column":null}},"3":{"start":{"line":11,"column":6},"end":{"line":11,"column":null}},"4":{"start":{"line":16,"column":42},"end":{"line":16,"column":null}},"5":{"start":{"line":17,"column":38},"end":{"line":17,"column":null}},"6":{"start":{"line":19,"column":44},"end":{"line":19,"column":null}},"7":{"start":{"line":20,"column":40},"end":{"line":20,"column":null}},"8":{"start":{"line":22,"column":2},"end":{"line":46,"column":null}},"9":{"start":{"line":24,"column":6},"end":{"line":26,"column":null}},"10":{"start":{"line":25,"column":8},"end":{"line":25,"column":null}},"11":{"start":{"line":28,"column":6},"end":{"line":28,"column":null}},"12":{"start":{"line":31,"column":4},"end":{"line":45,"column":null}},"13":{"start":{"line":48,"column":2},"end":{"line":108,"column":null}}},"fnMap":{"0":{"name":"PreferencesAbandonedCartActive","decl":{"start":{"line":6,"column":16},"end":{"line":6,"column":49}},"loc":{"start":{"line":6,"column":49},"end":{"line":110,"column":null}}},"1":{"name":"(anonymous_1)","decl":{"start":{"line":10,"column":30},"end":{"line":10,"column":31}},"loc":{"start":{"line":10,"column":72},"end":{"line":12,"column":null}}},"2":{"name":"(anonymous_2)","decl":{"start":{"line":22,"column":12},"end":{"line":22,"column":18}},"loc":{"start":{"line":22,"column":18},"end":{"line":46,"column":5}}},"3":{"name":"convertToTimeString","decl":{"start":{"line":23,"column":13},"end":{"line":23,"column":33}},"loc":{"start":{"line":23,"column":49},"end":{"line":29,"column":null}}}},"branchMap":{"0":{"loc":{"start":{"line":24,"column":6},"end":{"line":26,"column":null}},"type":"if","locations":[{"start":{"line":24,"column":6},"end":{"line":26,"column":null}},{"start":{},"end":{}}]},"1":{"loc":{"start":{"line":24,"column":10},"end":{"line":24,"column":47}},"type":"binary-expr","locations":[{"start":{"line":24,"column":10},"end":{"line":24,"column":32}},{"start":{"line":24,"column":32},"end":{"line":24,"column":47}}]},"2":{"loc":{"start":{"line":59,"column":7},"end":{"line":107,"column":null}},"type":"cond-expr","locations":[{"start":{"line":59,"column":21},"end":{"line":107,"column":12}},{"start":{"line":107,"column":12},"end":{"line":107,"column":null}}]}},"s":{"0":0,"1":0,"2":0,"3":0,"4":0,"5":0,"6":0,"7":0,"8":0,"9":0,"10":0,"11":0,"12":0,"13":0},"f":{"0":0,"1":0,"2":0,"3":0},"b":{"0":[0,0],"1":[0,0],"2":[0,0]}}
,"C:/Users/anacl/Documents/WENI/Front/vue3/vtex-webapp/src/components/settings/OrderStatusActive.tsx": {"path":"C:/Users/anacl/Documents/WENI/Front/vue3/vtex-webapp/src/components/settings/OrderStatusActive.tsx","statementMap":{"0":{"start":{"line":7,"column":18},"end":{"line":7,"column":null}},"1":{"start":{"line":8,"column":58},"end":{"line":8,"column":null}},"2":{"start":{"line":9,"column":52},"end":{"line":9,"column":null}},"3":{"start":{"line":19,"column":23},"end":{"line":19,"column":null}},"4":{"start":{"line":21,"column":28},"end":{"line":21,"column":null}},"5":{"start":{"line":24,"column":6},"end":{"line":26,"column":null}},"6":{"start":{"line":28,"column":20},"end":{"line":28,"column":null}},"7":{"start":{"line":29,"column":21},"end":{"line":29,"column":null}},"8":{"start":{"line":31,"column":30},"end":{"line":31,"column":null}},"9":{"start":{"line":33,"column":4},"end":{"line":55,"column":null}},"10":{"start":{"line":34,"column":6},"end":{"line":34,"column":null}},"11":{"start":{"line":35,"column":6},"end":{"line":35,"column":null}},"12":{"start":{"line":37,"column":48},"end":{"line":37,"column":null}},"13":{"start":{"line":39,"column":6},"end":{"line":52,"column":null}},"14":{"start":{"line":40,"column":8},"end":{"line":42,"column":null}},"15":{"start":{"line":41,"column":10},"end":{"line":41,"column":null}},"16":{"start":{"line":44,"column":8},"end":{"line":46,"column":null}},"17":{"start":{"line":45,"column":10},"end":{"line":45,"column":null}},"18":{"start":{"line":48,"column":8},"end":{"line":51,"column":null}},"19":{"start":{"line":49,"column":10},"end":{"line":49,"column":null}},"20":{"start":{"line":50,"column":10},"end":{"line":50,"column":null}},"21":{"start":{"line":54,"column":6},"end":{"line":54,"column":null}},"22":{"start":{"line":57,"column":4},"end":{"line":57,"column":null}},"23":{"start":{"line":59,"column":4},"end":{"line":59,"column":null}},"24":{"start":{"line":62,"column":36},"end":{"line":62,"column":null}},"25":{"start":{"line":65,"column":8},"end":{"line":71,"column":null}},"26":{"start":{"line":74,"column":8},"end":{"line":75,"column":null}},"27":{"start":{"line":77,"column":6},"end":{"line":77,"column":null}},"28":{"start":{"line":81,"column":2},"end":{"line":92,"column":null}},"29":{"start":{"line":82,"column":46},"end":{"line":89,"column":null}},"30":{"start":{"line":91,"column":4},"end":{"line":91,"column":null}},"31":{"start":{"line":94,"column":2},"end":{"line":173,"column":null}},"32":{"start":{"line":99,"column":58},"end":{"line":99,"column":null}}},"fnMap":{"0":{"name":"PreferencesOrderStatusActive","decl":{"start":{"line":6,"column":16},"end":{"line":6,"column":47}},"loc":{"start":{"line":6,"column":47},"end":{"line":175,"column":null}}},"1":{"name":"beforeSetTestContactNumber","decl":{"start":{"line":18,"column":11},"end":{"line":18,"column":38}},"loc":{"start":{"line":18,"column":59},"end":{"line":79,"column":null}}},"2":{"name":"(anonymous_2)","decl":{"start":{"line":39,"column":48},"end":{"line":39,"column":49}},"loc":{"start":{"line":39,"column":61},"end":{"line":52,"column":7}}},"3":{"name":"movePointerToOriginalPosition","decl":{"start":{"line":61,"column":13},"end":{"line":61,"column":45}},"loc":{"start":{"line":61,"column":45},"end":{"line":78,"column":null}}},"4":{"name":"(anonymous_4)","decl":{"start":{"line":81,"column":12},"end":{"line":81,"column":18}},"loc":{"start":{"line":81,"column":18},"end":{"line":92,"column":5}}},"5":{"name":"(anonymous_5)","decl":{"start":{"line":99,"column":20},"end":{"line":99,"column":21}},"loc":{"start":{"line":99,"column":58},"end":{"line":99,"column":null}}}},"branchMap":{"0":{"loc":{"start":{"line":21,"column":28},"end":{"line":21,"column":null}},"type":"binary-expr","locations":[{"start":{"line":21,"column":28},"end":{"line":21,"column":64}},{"start":{"line":21,"column":64},"end":{"line":21,"column":null}}]},"1":{"loc":{"start":{"line":33,"column":4},"end":{"line":55,"column":null}},"type":"if","locations":[{"start":{"line":33,"column":4},"end":{"line":55,"column":null}},{"start":{"line":53,"column":11},"end":{"line":55,"column":null}}]},"2":{"loc":{"start":{"line":40,"column":8},"end":{"line":42,"column":null}},"type":"if","locations":[{"start":{"line":40,"column":8},"end":{"line":42,"column":null}},{"start":{},"end":{}}]},"3":{"loc":{"start":{"line":44,"column":8},"end":{"line":46,"column":null}},"type":"if","locations":[{"start":{"line":44,"column":8},"end":{"line":46,"column":null}},{"start":{},"end":{}}]},"4":{"loc":{"start":{"line":44,"column":12},"end":{"line":44,"column":61}},"type":"binary-expr","locations":[{"start":{"line":44,"column":12},"end":{"line":44,"column":32}},{"start":{"line":44,"column":32},"end":{"line":44,"column":61}}]},"5":{"loc":{"start":{"line":48,"column":8},"end":{"line":51,"column":null}},"type":"if","locations":[{"start":{"line":48,"column":8},"end":{"line":51,"column":null}},{"start":{},"end":{}}]},"6":{"loc":{"start":{"line":86,"column":22},"end":{"line":86,"column":null}},"type":"cond-expr","locations":[{"start":{"line":86,"column":45},"end":{"line":86,"column":65}},{"start":{"line":86,"column":65},"end":{"line":86,"column":null}}]},"7":{"loc":{"start":{"line":111,"column":8},"end":{"line":123,"column":null}},"type":"binary-expr","locations":[{"start":{"line":111,"column":8},"end":{"line":111,"column":null}},{"start":{"line":112,"column":8},"end":{"line":123,"column":null}}]}},"s":{"0":0,"1":0,"2":0,"3":0,"4":0,"5":0,"6":0,"7":0,"8":0,"9":0,"10":0,"11":0,"12":0,"13":0,"14":0,"15":0,"16":0,"17":0,"18":0,"19":0,"20":0,"21":0,"22":0,"23":0,"24":0,"25":0,"26":0,"27":0,"28":0,"29":0,"30":0,"31":0,"32":0},"f":{"0":0,"1":0,"2":0,"3":0,"4":0,"5":0},"b":{"0":[0,0],"1":[0,0],"2":[0,0],"3":[0,0],"4":[0,0],"5":[0,0],"6":[0,0],"7":[0,0]}}
,"C:/Users/anacl/Documents/WENI/Front/vue3/vtex-webapp/src/components/settings/SettingsContainer/SettingsContainer.tsx": {"path":"C:/Users/anacl/Documents/WENI/Front/vue3/vtex-webapp/src/components/settings/SettingsContainer/SettingsContainer.tsx","statementMap":{"0":{"start":{"line":21,"column":24},"end":{"line":21,"column":null}},"1":{"start":{"line":23,"column":36},"end":{"line":23,"column":null}},"2":{"start":{"line":24,"column":23},"end":{"line":24,"column":null}},"3":{"start":{"line":29,"column":8},"end":{"line":61,"column":null}},"4":{"start":{"line":30,"column":12},"end":{"line":48,"column":null}},"5":{"start":{"line":49,"column":8},"end":{"line":61,"column":null}},"6":{"start":{"line":50,"column":12},"end":{"line":60,"column":null}},"7":{"start":{"line":63,"column":25},"end":{"line":63,"column":null}},"8":{"start":{"line":64,"column":8},"end":{"line":64,"column":null}},"9":{"start":{"line":66,"column":8},"end":{"line":69,"column":null}},"10":{"start":{"line":67,"column":12},"end":{"line":67,"column":null}},"11":{"start":{"line":68,"column":12},"end":{"line":68,"column":null}},"12":{"start":{"line":70,"column":8},"end":{"line":70,"column":null}},"13":{"start":{"line":73,"column":4},"end":{"line":109,"column":null}}},"fnMap":{"0":{"name":"SettingsContainer","decl":{"start":{"line":20,"column":16},"end":{"line":20,"column":34}},"loc":{"start":{"line":20,"column":97},"end":{"line":111,"column":null}}},"1":{"name":"updateAgent","decl":{"start":{"line":26,"column":19},"end":{"line":26,"column":33}},"loc":{"start":{"line":26,"column":33},"end":{"line":71,"column":null}}}},"branchMap":{"0":{"loc":{"start":{"line":29,"column":8},"end":{"line":61,"column":null}},"type":"if","locations":[{"start":{"line":29,"column":8},"end":{"line":61,"column":null}},{"start":{"line":49,"column":8},"end":{"line":61,"column":null}}]},"1":{"loc":{"start":{"line":35,"column":37},"end":{"line":35,"column":null}},"type":"binary-expr","locations":[{"start":{"line":35,"column":37},"end":{"line":35,"column":83}},{"start":{"line":35,"column":83},"end":{"line":35,"column":null}}]},"2":{"loc":{"start":{"line":38,"column":40},"end":{"line":38,"column":null}},"type":"binary-expr","locations":[{"start":{"line":38,"column":40},"end":{"line":38,"column":101}},{"start":{"line":38,"column":101},"end":{"line":38,"column":null}}]},"3":{"loc":{"start":{"line":39,"column":38},"end":{"line":39,"column":null}},"type":"binary-expr","locations":[{"start":{"line":39,"column":38},"end":{"line":39,"column":97}},{"start":{"line":39,"column":97},"end":{"line":39,"column":null}}]},"4":{"loc":{"start":{"line":42,"column":40},"end":{"line":42,"column":null}},"type":"binary-expr","locations":[{"start":{"line":42,"column":40},"end":{"line":42,"column":102}},{"start":{"line":42,"column":102},"end":{"line":42,"column":null}}]},"5":{"loc":{"start":{"line":43,"column":38},"end":{"line":43,"column":null}},"type":"binary-expr","locations":[{"start":{"line":43,"column":38},"end":{"line":43,"column":98}},{"start":{"line":43,"column":98},"end":{"line":43,"column":null}}]},"6":{"loc":{"start":{"line":49,"column":8},"end":{"line":61,"column":null}},"type":"if","locations":[{"start":{"line":49,"column":8},"end":{"line":61,"column":null}},{"start":{},"end":{}}]},"7":{"loc":{"start":{"line":55,"column":37},"end":{"line":55,"column":null}},"type":"binary-expr","locations":[{"start":{"line":55,"column":37},"end":{"line":55,"column":86}},{"start":{"line":55,"column":86},"end":{"line":55,"column":null}}]},"8":{"loc":{"start":{"line":56,"column":40},"end":{"line":56,"column":null}},"type":"binary-expr","locations":[{"start":{"line":56,"column":40},"end":{"line":56,"column":92}},{"start":{"line":56,"column":92},"end":{"line":56,"column":null}}]},"9":{"loc":{"start":{"line":57,"column":35},"end":{"line":57,"column":null}},"type":"binary-expr","locations":[{"start":{"line":57,"column":35},"end":{"line":57,"column":82}},{"start":{"line":57,"column":82},"end":{"line":57,"column":null}}]},"10":{"loc":{"start":{"line":66,"column":8},"end":{"line":69,"column":null}},"type":"if","locations":[{"start":{"line":66,"column":8},"end":{"line":69,"column":null}},{"start":{},"end":{}}]},"11":{"loc":{"start":{"line":83,"column":24},"end":{"line":84,"column":null}},"type":"binary-expr","locations":[{"start":{"line":83,"column":24},"end":{"line":83,"column":null}},{"start":{"line":84,"column":24},"end":{"line":84,"column":null}}]},"12":{"loc":{"start":{"line":88,"column":24},"end":{"line":89,"column":null}},"type":"binary-expr","locations":[{"start":{"line":88,"column":24},"end":{"line":88,"column":null}},{"start":{"line":89,"column":24},"end":{"line":89,"column":null}}]},"13":{"loc":{"start":{"line":104,"column":29},"end":{"line":104,"column":null}},"type":"cond-expr","locations":[{"start":{"line":104,"column":42},"end":{"line":104,"column":78}},{"start":{"line":104,"column":78},"end":{"line":104,"column":null}}]}},"s":{"0":4,"1":4,"2":4,"3":0,"4":0,"5":0,"6":0,"7":0,"8":0,"9":0,"10":0,"11":0,"12":0,"13":4},"f":{"0":4,"1":0},"b":{"0":[0,0],"1":[0,0],"2":[0,0],"3":[0,0],"4":[0,0],"5":[0,0],"6":[0,0],"7":[0,0],"8":[0,0],"9":[0,0],"10":[0,0],"11":[4,0],"12":[4,4],"13":[0,4]}}
,"C:/Users/anacl/Documents/WENI/Front/vue3/vtex-webapp/src/components/settings/SettingsContainer/SettingsContext.tsx": {"path":"C:/Users/anacl/Documents/WENI/Front/vue3/vtex-webapp/src/components/settings/SettingsContainer/SettingsContext.tsx","statementMap":{"0":{"start":{"line":34,"column":31},"end":{"line":34,"column":null}}},"fnMap":{},"branchMap":{},"s":{"0":1},"f":{},"b":{}}
}
